# JRE version: OpenJDK Runtime Environment (17.0.9) (build 17.0.9+0--11185874)
# Java VM: OpenJDK 64-Bit Server VM (17.0.9+0--11185874, mixed mode, tiered, compressed oops, compressed class ptrs, g1 gc, windows-amd64)
GC Precious Log:
 CPUs: 4 total, 4 available
 Memory: 6049M
 Large Page Support: Disabled
 NUMA Support: Disabled
 Compressed Oops: Enabled (32-bit)
 Heap Region Size: 1M
 Heap Min Capacity: 8M
 Heap Initial Capacity: 96M
 Heap Max Capacity: 2G
 Pre-touch: Disabled
 Parallel Workers: 4
 Concurrent Workers: 1
 Concurrent Refinement Workers: 4
 Periodic GC: Disabled
Heap:
 garbage-first heap   total 157696K, used 100987K [0x0000000080000000, 0x0000000100000000)
  region size 1024K, 10 young (10240K), 5 survivors (5120K)
 Metaspace       used 88161K, committed 88896K, reserved 1179648K
  class space    used 12153K, committed 12480K, reserved 1048576K
GC Heap History (20 events):
Event: 15.540 GC heap before
{Heap before GC invocations=30 (full 0):
 garbage-first heap   total 116736K, used 71680K [0x0000000080000000, 0x0000000100000000)
  region size 1024K, 6 young (6144K), 5 survivors (5120K)
 Metaspace       used 63045K, committed 63680K, reserved 1114112K
  class space    used 8574K, committed 8896K, reserved 1048576K
}
Event: 15.544 GC heap after
{Heap after GC invocations=31 (full 0):
 garbage-first heap   total 116736K, used 71916K [0x0000000080000000, 0x0000000100000000)
  region size 1024K, 1 young (1024K), 1 survivors (1024K)
 Metaspace       used 63045K, committed 63680K, reserved 1114112K
  class space    used 8574K, committed 8896K, reserved 1048576K
}
Event: 16.823 GC heap before
{Heap before GC invocations=31 (full 0):
 garbage-first heap   total 116736K, used 95468K [0x0000000080000000, 0x0000000100000000)
  region size 1024K, 25 young (25600K), 1 survivors (1024K)
 Metaspace       used 65114K, committed 65728K, reserved 1114112K
  class space    used 8856K, committed 9152K, reserved 1048576K
}
Event: 16.826 GC heap after
{Heap after GC invocations=32 (full 0):
 garbage-first heap   total 116736K, used 72592K [0x0000000080000000, 0x0000000100000000)
  region size 1024K, 1 young (1024K), 1 survivors (1024K)
 Metaspace       used 65114K, committed 65728K, reserved 1114112K
  class space    used 8856K, committed 9152K, reserved 1048576K
}
Event: 17.372 GC heap before
{Heap before GC invocations=33 (full 0):
 garbage-first heap   total 133120K, used 97168K [0x0000000080000000, 0x0000000100000000)
  region size 1024K, 26 young (26624K), 1 survivors (1024K)
 Metaspace       used 67766K, committed 68416K, reserved 1114112K
  class space    used 9145K, committed 9472K, reserved 1048576K
}
Event: 17.377 GC heap after
{Heap after GC invocations=34 (full 0):
 garbage-first heap   total 133120K, used 73052K [0x0000000080000000, 0x0000000100000000)
  region size 1024K, 2 young (2048K), 2 survivors (2048K)
 Metaspace       used 67766K, committed 68416K, reserved 1114112K
  class space    used 9145K, committed 9472K, reserved 1048576K
}
Event: 18.965 GC heap before
{Heap before GC invocations=34 (full 0):
 garbage-first heap   total 133120K, used 94556K [0x0000000080000000, 0x0000000100000000)
  region size 1024K, 24 young (24576K), 2 survivors (2048K)
 Metaspace       used 70695K, committed 71424K, reserved 1114112K
  class space    used 9566K, committed 9920K, reserved 1048576K
}
Event: 18.969 GC heap after
{Heap after GC invocations=35 (full 0):
 garbage-first heap   total 133120K, used 74896K [0x0000000080000000, 0x0000000100000000)
  region size 1024K, 4 young (4096K), 4 survivors (4096K)
 Metaspace       used 70695K, committed 71424K, reserved 1114112K
  class space    used 9566K, committed 9920K, reserved 1048576K
}
Event: 19.583 GC heap before
{Heap before GC invocations=36 (full 0):
 garbage-first heap   total 157696K, used 113808K [0x0000000080000000, 0x0000000100000000)
  region size 1024K, 36 young (36864K), 4 survivors (4096K)
 Metaspace       used 72215K, committed 72896K, reserved 1114112K
  class space    used 9774K, committed 10112K, reserved 1048576K
}
Event: 19.593 GC heap after
{Heap after GC invocations=37 (full 0):
 garbage-first heap   total 157696K, used 77719K [0x0000000080000000, 0x0000000100000000)
  region size 1024K, 5 young (5120K), 5 survivors (5120K)
 Metaspace       used 72215K, committed 72896K, reserved 1114112K
  class space    used 9774K, committed 10112K, reserved 1048576K
}
Event: 20.804 GC heap before
{Heap before GC invocations=37 (full 0):
 garbage-first heap   total 157696K, used 121751K [0x0000000080000000, 0x0000000100000000)
  region size 1024K, 48 young (49152K), 5 survivors (5120K)
 Metaspace       used 75465K, committed 76160K, reserved 1179648K
  class space    used 10233K, committed 10560K, reserved 1048576K
}
Event: 20.811 GC heap after
{Heap after GC invocations=38 (full 0):
 garbage-first heap   total 157696K, used 80390K [0x0000000080000000, 0x0000000100000000)
  region size 1024K, 3 young (3072K), 3 survivors (3072K)
 Metaspace       used 75465K, committed 76160K, reserved 1179648K
  class space    used 10233K, committed 10560K, reserved 1048576K
}
Event: 21.420 GC heap before
{Heap before GC invocations=38 (full 0):
 garbage-first heap   total 157696K, used 123398K [0x0000000080000000, 0x0000000100000000)
  region size 1024K, 46 young (47104K), 3 survivors (3072K)
 Metaspace       used 79491K, committed 80128K, reserved 1179648K
  class space    used 10758K, committed 11072K, reserved 1048576K
}
Event: 21.428 GC heap after
{Heap after GC invocations=39 (full 0):
 garbage-first heap   total 157696K, used 82223K [0x0000000080000000, 0x0000000100000000)
  region size 1024K, 5 young (5120K), 5 survivors (5120K)
 Metaspace       used 79491K, committed 80128K, reserved 1179648K
  class space    used 10758K, committed 11072K, reserved 1048576K
}
Event: 21.985 GC heap before
{Heap before GC invocations=40 (full 0):
 garbage-first heap   total 157696K, used 106799K [0x0000000080000000, 0x0000000100000000)
  region size 1024K, 30 young (30720K), 5 survivors (5120K)
 Metaspace       used 81174K, committed 81920K, reserved 1179648K
  class space    used 11005K, committed 11328K, reserved 1048576K
}
Event: 21.998 GC heap after
{Heap after GC invocations=41 (full 0):
 garbage-first heap   total 157696K, used 83475K [0x0000000080000000, 0x0000000100000000)
  region size 1024K, 4 young (4096K), 4 survivors (4096K)
 Metaspace       used 81174K, committed 81920K, reserved 1179648K
  class space    used 11005K, committed 11328K, reserved 1048576K
}
Event: 22.811 GC heap before
{Heap before GC invocations=42 (full 0):
 garbage-first heap   total 157696K, used 129555K [0x0000000080000000, 0x0000000100000000)
  region size 1024K, 48 young (49152K), 4 survivors (4096K)
 Metaspace       used 84324K, committed 84992K, reserved 1179648K
  class space    used 11612K, committed 11904K, reserved 1048576K
}
Event: 22.818 GC heap after
{Heap after GC invocations=43 (full 0):
 garbage-first heap   total 157696K, used 84850K [0x0000000080000000, 0x0000000100000000)
  region size 1024K, 3 young (3072K), 3 survivors (3072K)
 Metaspace       used 84324K, committed 84992K, reserved 1179648K
  class space    used 11612K, committed 11904K, reserved 1048576K
}
Event: 23.465 GC heap before
{Heap before GC invocations=43 (full 0):
 garbage-first heap   total 157696K, used 126834K [0x0000000080000000, 0x0000000100000000)
  region size 1024K, 45 young (46080K), 3 survivors (3072K)
 Metaspace       used 88025K, committed 88768K, reserved 1179648K
  class space    used 12130K, committed 12480K, reserved 1048576K
}
Event: 23.472 GC heap after
{Heap after GC invocations=44 (full 0):
 garbage-first heap   total 157696K, used 86651K [0x0000000080000000, 0x0000000100000000)
  region size 1024K, 5 young (5120K), 5 survivors (5120K)
 Metaspace       used 88025K, committed 88768K, reserved 1179648K
  class space    used 12130K, committed 12480K, reserved 1048576K
}

