# JRE version: OpenJDK Runtime Environment (17.0.9) (build 17.0.9+0--11185874)
# Java VM: OpenJDK 64-Bit Server VM (17.0.9+0--11185874, mixed mode, tiered, compressed oops, compressed class ptrs, g1 gc, windows-amd64)
GC Precious Log:
 CPUs: 4 total, 4 available
 Memory: 6049M
 Large Page Support: Disabled
 NUMA Support: Disabled
 Compressed Oops: Enabled (32-bit)
 Heap Region Size: 1M
 Heap Min Capacity: 8M
 Heap Initial Capacity: 96M
 Heap Max Capacity: 2G
 Pre-touch: Disabled
 Parallel Workers: 4
 Concurrent Workers: 1
 Concurrent Refinement Workers: 4
 Periodic GC: Disabled
Heap:
 garbage-first heap   total 240640K, used 137622K [0x0000000080000000, 0x0000000100000000)
  region size 1024K, 24 young (24576K), 12 survivors (12288K)
 Metaspace       used 129646K, committed 130304K, reserved 1179648K
  class space    used 16723K, committed 17024K, reserved 1048576K
GC Heap History (20 events):
Event: 15.561 GC heap before
{Heap before GC invocations=35 (full 0):
 garbage-first heap   total 138240K, used 113169K [0x0000000080000000, 0x0000000100000000)
  region size 1024K, 37 young (37888K), 4 survivors (4096K)
 Metaspace       used 81853K, committed 82496K, reserved 1179648K
  class space    used 10931K, committed 11264K, reserved 1048576K
}
Event: 15.567 GC heap after
{Heap after GC invocations=36 (full 0):
 garbage-first heap   total 138240K, used 80968K [0x0000000080000000, 0x0000000100000000)
  region size 1024K, 4 young (4096K), 4 survivors (4096K)
 Metaspace       used 81853K, committed 82496K, reserved 1179648K
  class space    used 10931K, committed 11264K, reserved 1048576K
}
Event: 16.274 GC heap before
{Heap before GC invocations=37 (full 0):
 garbage-first heap   total 145408K, used 114760K [0x0000000080000000, 0x0000000100000000)
  region size 1024K, 37 young (37888K), 4 survivors (4096K)
 Metaspace       used 85663K, committed 86336K, reserved 1179648K
  class space    used 11412K, committed 11712K, reserved 1048576K
}
Event: 16.282 GC heap after
{Heap after GC invocations=38 (full 0):
 garbage-first heap   total 145408K, used 83477K [0x0000000080000000, 0x0000000100000000)
  region size 1024K, 4 young (4096K), 4 survivors (4096K)
 Metaspace       used 85663K, committed 86336K, reserved 1179648K
  class space    used 11412K, committed 11712K, reserved 1048576K
}
Event: 16.322 GC heap before
{Heap before GC invocations=38 (full 0):
 garbage-first heap   total 145408K, used 86549K [0x0000000080000000, 0x0000000100000000)
  region size 1024K, 7 young (7168K), 4 survivors (4096K)
 Metaspace       used 86270K, committed 86912K, reserved 1179648K
  class space    used 11482K, committed 11776K, reserved 1048576K
}
Event: 16.331 GC heap after
{Heap after GC invocations=39 (full 0):
 garbage-first heap   total 145408K, used 83617K [0x0000000080000000, 0x0000000100000000)
  region size 1024K, 1 young (1024K), 1 survivors (1024K)
 Metaspace       used 86270K, committed 86912K, reserved 1179648K
  class space    used 11482K, committed 11776K, reserved 1048576K
}
Event: 16.865 GC heap before
{Heap before GC invocations=39 (full 0):
 garbage-first heap   total 145408K, used 102049K [0x0000000080000000, 0x0000000100000000)
  region size 1024K, 20 young (20480K), 1 survivors (1024K)
 Metaspace       used 88879K, committed 89536K, reserved 1179648K
  class space    used 11835K, committed 12160K, reserved 1048576K
}
Event: 16.871 GC heap after
{Heap after GC invocations=40 (full 0):
 garbage-first heap   total 240640K, used 84283K [0x0000000080000000, 0x0000000100000000)
  region size 1024K, 2 young (2048K), 2 survivors (2048K)
 Metaspace       used 88879K, committed 89536K, reserved 1179648K
  class space    used 11835K, committed 12160K, reserved 1048576K
}
Event: 20.940 GC heap before
{Heap before GC invocations=40 (full 0):
 garbage-first heap   total 240640K, used 188731K [0x0000000080000000, 0x0000000100000000)
  region size 1024K, 103 young (105472K), 2 survivors (2048K)
 Metaspace       used 95767K, committed 96448K, reserved 1179648K
  class space    used 12570K, committed 12864K, reserved 1048576K
}
Event: 20.954 GC heap after
{Heap after GC invocations=41 (full 0):
 garbage-first heap   total 240640K, used 90241K [0x0000000080000000, 0x0000000100000000)
  region size 1024K, 8 young (8192K), 8 survivors (8192K)
 Metaspace       used 95767K, committed 96448K, reserved 1179648K
  class space    used 12570K, committed 12864K, reserved 1048576K
}
Event: 24.891 GC heap before
{Heap before GC invocations=41 (full 0):
 garbage-first heap   total 240640K, used 188545K [0x0000000080000000, 0x0000000100000000)
  region size 1024K, 105 young (107520K), 8 survivors (8192K)
 Metaspace       used 108641K, committed 109248K, reserved 1179648K
  class space    used 13990K, committed 14272K, reserved 1048576K
}
Event: 24.905 GC heap after
{Heap after GC invocations=42 (full 0):
 garbage-first heap   total 240640K, used 95005K [0x0000000080000000, 0x0000000100000000)
  region size 1024K, 12 young (12288K), 12 survivors (12288K)
 Metaspace       used 108641K, committed 109248K, reserved 1179648K
  class space    used 13990K, committed 14272K, reserved 1048576K
}
Event: 26.594 GC heap before
{Heap before GC invocations=42 (full 0):
 garbage-first heap   total 240640K, used 193309K [0x0000000080000000, 0x0000000100000000)
  region size 1024K, 108 young (110592K), 12 survivors (12288K)
 Metaspace       used 112692K, committed 113408K, reserved 1179648K
  class space    used 14401K, committed 14720K, reserved 1048576K
}
Event: 26.616 GC heap after
{Heap after GC invocations=43 (full 0):
 garbage-first heap   total 240640K, used 103890K [0x0000000080000000, 0x0000000100000000)
  region size 1024K, 14 young (14336K), 14 survivors (14336K)
 Metaspace       used 112692K, committed 113408K, reserved 1179648K
  class space    used 14401K, committed 14720K, reserved 1048576K
}
Event: 29.337 GC heap before
{Heap before GC invocations=43 (full 0):
 garbage-first heap   total 240640K, used 191954K [0x0000000080000000, 0x0000000100000000)
  region size 1024K, 101 young (103424K), 14 survivors (14336K)
 Metaspace       used 124087K, committed 124736K, reserved 1179648K
  class space    used 15903K, committed 16192K, reserved 1048576K
}
Event: 29.352 GC heap after
{Heap after GC invocations=44 (full 0):
 garbage-first heap   total 240640K, used 104316K [0x0000000080000000, 0x0000000100000000)
  region size 1024K, 9 young (9216K), 9 survivors (9216K)
 Metaspace       used 124087K, committed 124736K, reserved 1179648K
  class space    used 15903K, committed 16192K, reserved 1048576K
}
Event: 32.176 GC heap before
{Heap before GC invocations=44 (full 0):
 garbage-first heap   total 240640K, used 196476K [0x0000000080000000, 0x0000000100000000)
  region size 1024K, 97 young (99328K), 9 survivors (9216K)
 Metaspace       used 129313K, committed 129984K, reserved 1179648K
  class space    used 16718K, committed 17024K, reserved 1048576K
}
Event: 32.196 GC heap after
{Heap after GC invocations=45 (full 0):
 garbage-first heap   total 240640K, used 112826K [0x0000000080000000, 0x0000000100000000)
  region size 1024K, 13 young (13312K), 13 survivors (13312K)
 Metaspace       used 129313K, committed 129984K, reserved 1179648K
  class space    used 16718K, committed 17024K, reserved 1048576K
}
Event: 32.788 GC heap before
{Heap before GC invocations=45 (full 0):
 garbage-first heap   total 240640K, used 193722K [0x0000000080000000, 0x0000000100000000)
  region size 1024K, 89 young (91136K), 13 survivors (13312K)
 Metaspace       used 129474K, committed 130176K, reserved 1179648K
  class space    used 16719K, committed 17024K, reserved 1048576K
}
Event: 32.810 GC heap after
{Heap after GC invocations=46 (full 0):
 garbage-first heap   total 240640K, used 126358K [0x0000000080000000, 0x0000000100000000)
  region size 1024K, 12 young (12288K), 12 survivors (12288K)
 Metaspace       used 129474K, committed 130176K, reserved 1179648K
  class space    used 16719K, committed 17024K, reserved 1048576K
}

