# JRE version: OpenJDK Runtime Environment (17.0.9) (build 17.0.9+0--11185874)
# Java VM: OpenJDK 64-Bit Server VM (17.0.9+0--11185874, mixed mode, tiered, compressed oops, compressed class ptrs, g1 gc, windows-amd64)
GC Precious Log:
 CPUs: 4 total, 4 available
 Memory: 6049M
 Large Page Support: Disabled
 NUMA Support: Disabled
 Compressed Oops: Enabled (32-bit)
 Heap Region Size: 1M
 Heap Min Capacity: 8M
 Heap Initial Capacity: 96M
 Heap Max Capacity: 2G
 Pre-touch: Disabled
 Parallel Workers: 4
 Concurrent Workers: 1
 Concurrent Refinement Workers: 4
 Periodic GC: Disabled
Heap:
 garbage-first heap   total 113664K, used 71839K [0x0000000080000000, 0x0000000100000000)
  region size 1024K, 1 young (1024K), 1 survivors (1024K)
 Metaspace       used 62122K, committed 62784K, reserved 1114112K
  class space    used 8449K, committed 8768K, reserved 1048576K
GC Heap History (20 events):
Event: 5.847 GC heap after
{Heap after GC invocations=14 (full 0):
 garbage-first heap   total 83968K, used 46313K [0x0000000080000000, 0x0000000100000000)
  region size 1024K, 3 young (3072K), 3 survivors (3072K)
 Metaspace       used 43925K, committed 44352K, reserved 1114112K
  class space    used 5874K, committed 6080K, reserved 1048576K
}
Event: 6.273 GC heap before
{Heap before GC invocations=15 (full 0):
 garbage-first heap   total 91136K, used 68841K [0x0000000080000000, 0x0000000100000000)
  region size 1024K, 21 young (21504K), 3 survivors (3072K)
 Metaspace       used 46974K, committed 47424K, reserved 1114112K
  class space    used 6219K, committed 6400K, reserved 1048576K
}
Event: 6.279 GC heap after
{Heap after GC invocations=16 (full 0):
 garbage-first heap   total 91136K, used 47422K [0x0000000080000000, 0x0000000100000000)
  region size 1024K, 2 young (2048K), 2 survivors (2048K)
 Metaspace       used 46974K, committed 47424K, reserved 1114112K
  class space    used 6219K, committed 6400K, reserved 1048576K
}
Event: 6.797 GC heap before
{Heap before GC invocations=16 (full 0):
 garbage-first heap   total 91136K, used 71998K [0x0000000080000000, 0x0000000100000000)
  region size 1024K, 26 young (26624K), 2 survivors (2048K)
 Metaspace       used 49071K, committed 49536K, reserved 1114112K
  class space    used 6550K, committed 6784K, reserved 1048576K
}
Event: 6.805 GC heap after
{Heap after GC invocations=17 (full 0):
 garbage-first heap   total 91136K, used 49683K [0x0000000080000000, 0x0000000100000000)
  region size 1024K, 4 young (4096K), 4 survivors (4096K)
 Metaspace       used 49071K, committed 49536K, reserved 1114112K
  class space    used 6550K, committed 6784K, reserved 1048576K
}
Event: 7.428 GC heap before
{Heap before GC invocations=18 (full 0):
 garbage-first heap   total 94208K, used 77331K [0x0000000080000000, 0x0000000100000000)
  region size 1024K, 27 young (27648K), 4 survivors (4096K)
 Metaspace       used 51762K, committed 52288K, reserved 1114112K
  class space    used 6810K, committed 7040K, reserved 1048576K
}
Event: 7.437 GC heap after
{Heap after GC invocations=19 (full 0):
 garbage-first heap   total 94208K, used 55264K [0x0000000080000000, 0x0000000100000000)
  region size 1024K, 3 young (3072K), 3 survivors (3072K)
 Metaspace       used 51762K, committed 52288K, reserved 1114112K
  class space    used 6810K, committed 7040K, reserved 1048576K
}
Event: 7.461 GC heap before
{Heap before GC invocations=19 (full 0):
 garbage-first heap   total 94208K, used 56288K [0x0000000080000000, 0x0000000100000000)
  region size 1024K, 4 young (4096K), 3 survivors (3072K)
 Metaspace       used 51892K, committed 52416K, reserved 1114112K
  class space    used 6826K, committed 7040K, reserved 1048576K
}
Event: 7.465 GC heap after
{Heap after GC invocations=20 (full 0):
 garbage-first heap   total 113664K, used 55107K [0x0000000080000000, 0x0000000100000000)
  region size 1024K, 1 young (1024K), 1 survivors (1024K)
 Metaspace       used 51892K, committed 52416K, reserved 1114112K
  class space    used 6826K, committed 7040K, reserved 1048576K
}
Event: 7.964 GC heap before
{Heap before GC invocations=20 (full 0):
 garbage-first heap   total 113664K, used 88899K [0x0000000080000000, 0x0000000100000000)
  region size 1024K, 34 young (34816K), 1 survivors (1024K)
 Metaspace       used 54548K, committed 55104K, reserved 1114112K
  class space    used 7303K, committed 7552K, reserved 1048576K
}
Event: 7.968 GC heap after
{Heap after GC invocations=21 (full 0):
 garbage-first heap   total 113664K, used 56270K [0x0000000080000000, 0x0000000100000000)
  region size 1024K, 2 young (2048K), 2 survivors (2048K)
 Metaspace       used 54548K, committed 55104K, reserved 1114112K
  class space    used 7303K, committed 7552K, reserved 1048576K
}
Event: 8.747 GC heap before
{Heap before GC invocations=22 (full 0):
 garbage-first heap   total 113664K, used 90062K [0x0000000080000000, 0x0000000100000000)
  region size 1024K, 35 young (35840K), 2 survivors (2048K)
 Metaspace       used 58463K, committed 59072K, reserved 1114112K
  class space    used 7959K, committed 8256K, reserved 1048576K
}
Event: 8.754 GC heap after
{Heap after GC invocations=23 (full 0):
 garbage-first heap   total 113664K, used 58319K [0x0000000080000000, 0x0000000100000000)
  region size 1024K, 4 young (4096K), 4 survivors (4096K)
 Metaspace       used 58463K, committed 59072K, reserved 1114112K
  class space    used 7959K, committed 8256K, reserved 1048576K
}
Event: 9.651 GC heap before
{Heap before GC invocations=23 (full 0):
 garbage-first heap   total 113664K, used 90063K [0x0000000080000000, 0x0000000100000000)
  region size 1024K, 36 young (36864K), 4 survivors (4096K)
 Metaspace       used 60765K, committed 61376K, reserved 1114112K
  class space    used 8273K, committed 8576K, reserved 1048576K
}
Event: 9.661 GC heap after
{Heap after GC invocations=24 (full 0):
 garbage-first heap   total 113664K, used 61525K [0x0000000080000000, 0x0000000100000000)
  region size 1024K, 5 young (5120K), 5 survivors (5120K)
 Metaspace       used 60765K, committed 61376K, reserved 1114112K
  class space    used 8273K, committed 8576K, reserved 1048576K
}
Event: 10.081 GC heap before
{Heap before GC invocations=25 (full 0):
 garbage-first heap   total 113664K, used 95317K [0x0000000080000000, 0x0000000100000000)
  region size 1024K, 34 young (34816K), 5 survivors (5120K)
 Metaspace       used 62028K, committed 62720K, reserved 1114112K
  class space    used 8444K, committed 8768K, reserved 1048576K
}
Event: 10.089 GC heap after
{Heap after GC invocations=26 (full 0):
 garbage-first heap   total 113664K, used 72330K [0x0000000080000000, 0x0000000100000000)
  region size 1024K, 5 young (5120K), 5 survivors (5120K)
 Metaspace       used 62028K, committed 62720K, reserved 1114112K
  class space    used 8444K, committed 8768K, reserved 1048576K
}
Event: 10.095 GC heap before
{Heap before GC invocations=26 (full 0):
 garbage-first heap   total 113664K, used 72330K [0x0000000080000000, 0x0000000100000000)
  region size 1024K, 6 young (6144K), 5 survivors (5120K)
 Metaspace       used 62105K, committed 62784K, reserved 1114112K
  class space    used 8448K, committed 8768K, reserved 1048576K
}
Event: 10.102 GC heap after
{Heap after GC invocations=27 (full 0):
 garbage-first heap   total 113664K, used 72108K [0x0000000080000000, 0x0000000100000000)
  region size 1024K, 1 young (1024K), 1 survivors (1024K)
 Metaspace       used 62105K, committed 62784K, reserved 1114112K
  class space    used 8448K, committed 8768K, reserved 1048576K
}
Event: 10.105 GC heap before
{Heap before GC invocations=27 (full 0):
 garbage-first heap   total 113664K, used 72108K [0x0000000080000000, 0x0000000100000000)
  region size 1024K, 2 young (2048K), 1 survivors (1024K)
 Metaspace       used 62122K, committed 62784K, reserved 1114112K
  class space    used 8449K, committed 8768K, reserved 1048576K
}

